




<!DOCTYPE html>
<html>
<head>
	<meta charset='UTF-8' /> 
	<meta name='description' content='' />
	<meta name='robots' content='noodp, noydir' />
	<meta name='viewport' content='width=device-width, initial-scale=1' />
	<meta id="timeStampFormat" name="timeStampFormat" content='MMM d, yyyy hh:mm:ss a'/>
	
        <link href='http://fonts.googleapis.com/css?family=Source+Sans+Pro:400,600' rel='stylesheet' type='text/css' />
        <link href="http://fonts.googleapis.com/icon?family=Material+Icons" rel="stylesheet" />
        <link href='http://cdn.jsdelivr.net/gh/extent-framework/extent-github-cdn@ff53917fbbdb5ef820abbbe4d199a6942dc771ff/v3html/css/extent.css' type='text/css' rel='stylesheet' />
	
	<title></title>

	<style type='text/css'>
		/* json-tree */
		.jstBracket,.jstComma,.jstValue{white-space:pre-wrap}.jstValue{font-size:10px;font-weight:400;font-family:"Lucida Console",Monaco,monospace}.jstProperty{color:#666;word-wrap:break-word}.jstBool{color:#2525CC}.jstNum{color:#D036D0}.jstNull{color:gray}.jstStr{color:#2DB669}.jstFold:after{content:' -';cursor:pointer}.jstExpand{white-space:normal}.jstExpand:after{content:' +';cursor:pointer}.jstFolded{white-space:normal!important}.jstHiddenBlock{display:none}
			
	</style>
	
	<script type="text/javascript">
		/*! json-tree - v0.2.2 - 2017-09-25, MIT LICENSE */
		var JSONTree=function(){var n={"&":"&amp;","<":"&lt;",">":"&gt;",'"':"&quot;","'":"&#x27;","/":"&#x2F;"},t=0,r=0;this.create=function(n,t){return r+=1,N(u(n,0,!1),{class:"jstValue"})};var e=function(t){return t.replace(/[&<>'"]/g,function(t){return n[t]})},s=function(){return r+"_"+t++},u=function(n,t,r){if(null===n)return f(r?t:0);switch(typeof n){case"boolean":return l(n,r?t:0);case"number":return i(n,r?t:0);case"string":return o(n,r?t:0);default:return n instanceof Array?a(n,t,r):c(n,t,r)}},c=function(n,t,r){var e=s(),u=Object.keys(n).map(function(r){return j(r,n[r],t+1,!0)}).join(m()),c=[g("{",r?t:0,e),N(u,{id:e}),p("}",t)].join("\n");return N(c,{})},a=function(n,t,r){var e=s(),c=n.map(function(n){return u(n,t+1,!0)}).join(m());return[g("[",r?t:0,e),N(c,{id:e}),p("]",t)].join("\n")},o=function(n,t){var r=e(JSON.stringify(n));return N(v(r,t),{class:"jstStr"})},i=function(n,t){return N(v(n,t),{class:"jstNum"})},l=function(n,t){return N(v(n,t),{class:"jstBool"})},f=function(n){return N(v("null",n),{class:"jstNull"})},j=function(n,t,r){var s=v(e(JSON.stringify(n))+": ",r),c=N(u(t,r,!1),{});return N(s+c,{class:"jstProperty"})},m=function(){return N(",\n",{class:"jstComma"})},N=function(n,t){return d("span",t,n)},d=function(n,t,r){return"<"+n+Object.keys(t).map(function(n){return" "+n+'="'+t[n]+'"'}).join("")+">"+r+"</"+n+">"},g=function(n,t,r){return N(v(n,t),{class:"jstBracket"})+N("",{class:"jstFold",onclick:"JSONTree.toggle('"+r+"')"})};this.toggle=function(n){var t=document.getElementById(n),r=t.parentNode,e=t.previousElementSibling;""===t.className?(t.className="jstHiddenBlock",r.className="jstFolded",e.className="jstExpand"):(t.className="",r.className="",e.className="jstFold")};var p=function(n,t){return N(v(n,t),{})},v=function(n,t){return Array(2*t+1).join(" ")+n};return this}();
	</script>
</head>
	<body class='extent standard default hide-overflow bdd-report'>
		<div id='theme-selector' alt='Click to toggle theme. To enable by default, use theme configuration.' title='Click to toggle theme. To enable by default, use theme configuration.'>
			<span><i class='material-icons'>desktop_windows</i></span>
		</div>
<nav>
	<div class="nav-wrapper">
        <a href="#!" class="brand-logo black"><img src="http://cdn.jsdelivr.net/gh/extent-framework/extent-github-cdn@ff53917fbbdb5ef820abbbe4d199a6942dc771ff/commons/img/logo.png"></a>
		<!-- slideout menu -->
		<ul id='slide-out' class='side-nav fixed hide-on-med-and-down'>
			<li class='waves-effect active'><a href='#!' view='test-view' onclick="configureView(0);chartsView('test');"><i class='material-icons'>dashboard</i></a></li>
			<li class='waves-effect'><a href='#!' view='category-view' onclick="configureView(1)"><i class='material-icons'>label_outline</i></a></li>
			<li class='waves-effect'><a href='#!' view='exception-view' onclick="configureView(2)"><i class='material-icons'>bug_report</i></a></li>
			<li class='waves-effect'><a href='#!' onclick="configureView(-1);chartsView('dashboard');" view='dashboard-view'><i class='material-icons'>track_changes</i></a></li>
		</ul>
		<!-- report name -->
		<span class='report-name'></span>
		<!-- report headline -->
		<span class='report-headline'></span>
		<!-- nav-right -->
		<ul id='nav-mobile' class='right hide-on-med-and-down nav-right'>
			<a href='#!'>
			<span class='label blue darken-3 suite-start-time'>Nov 13, 2023 05:10:35 pm</span>
			</a>
		</ul>
	</div>
</nav>		<!-- container -->
		<div class='container'>
<div id='test-view' class='view'>
	<section id='controls'>
		<div class='controls grey lighten-4'>
			<!-- test toggle -->
			<div class='chip transparent'>
				<a class='dropdown-button tests-toggle' data-activates='tests-toggle' data-constrainwidth='true' data-beloworigin='true' data-hover='true' href='#'>
				<i class='material-icons'>warning</i> Status
				</a>
				<ul id='tests-toggle' class='dropdown-content'>
										<li status='pass'><a href='#!'>Pass <i class='material-icons green-text'>check_circle</i></a></li>
					<li status='fail'><a href='#!'>Fail <i class='material-icons red-text'>cancel</i></a></li>
					<li class='divider'></li>
					<li status='clear' clear='true'><a href='#!'>Clear Filters <i class='material-icons'>clear</i></a></li>
				</ul>
			</div>
			<!-- test toggle -->
			<!-- category toggle -->
			<div class='chip transparent'>
				<a class='dropdown-button category-toggle' data-activates='category-toggle' data-constrainwidth='false' data-beloworigin='true' data-hover='true' href='#'>
				<i class='material-icons'>local_offer</i> Category
				</a>
				<ul id='category-toggle' class='dropdown-content'>
					<li><a href='#'>@RegressionTest</a></li>
					<li class='divider'></li>
					<li class='clear'><a href='#!' clear='true'>Clear Filters</a></li>
				</ul>
			</div>
			<!-- category toggle -->
			<!-- clear filters -->
			<div class='chip transparent hide'>
				<a class='' id='clear-filters' alt='Clear Filters' title='Clear Filters'>
				<i class='material-icons'>close</i> Clear
				</a>
			</div>
			<!-- clear filters -->
			<!-- enable dashboard -->
			<div id='toggle-test-view-charts' class='chip transparent'>
				<a class='pink-text' id='enable-dashboard' alt='Enable Dashboard' title='Enable Dashboard'>
				<i class='material-icons'>track_changes</i> Dashboard
				</a>
			</div>
			<!-- enable dashboard -->
			<!-- search -->
			<div class='chip transparent' alt='Search Tests' title='Search Tests'>
				<a href="#" class='search-div'>
				<i class='material-icons'>search</i> Search
				</a>
				<div class='input-field left hide'>
					<input id='search-tests' type='text' class='validate browser-default' placeholder='Search Tests...'>
				</div>
			</div>
			<!-- search -->
		</div>
	</section>

<div id='test-view-charts' class='subview-full'>
    <div id='charts-row' class='row nm-v nm-h'>
        <div class='col s12 m4 l4 np-h'>
            <div class='card-panel nm-v'>
                <div class='left panel-name'>Features</div>
                <div class='chart-box' style="max-height:94px;">
                    <canvas id='parent-analysis' width='90' height='70'></canvas>
                </div>
                <div class='block text-small'>
                    <span class='tooltipped' data-position='top' data-tooltip='$42%'>
                    <span class='strong'>3</span> features passed</span>
                </div>
                <div class='block text-small'>
                    <span class='strong tooltipped' data-position='top' data-tooltip='57%'>
                    4</span> features failed, 
                    <span class='strong tooltipped' data-position='top' data-tooltip='0%'>
                    0</span> skipped
                </div>
            </div>
        </div>
        <div class='col s12 m4 l4 np-h'>
            <div class='card-panel nm-v'>
                <div class='left panel-name'>Scenarios</div>
                <div class='chart-box' style="max-height:94px;">
                    <canvas id='child-analysis' width='90' height='70'></canvas>
                </div>
                <div class='block text-small'>
                    <span class='tooltipped' data-position='top' data-tooltip='40%'>
                    <span class='strong'>4</span> scenarios passed</span>
                </div>
                <div class='block text-small'>
                    <span class='strong tooltipped' data-position='top' data-tooltip='60%'>
                    6</span> scenarios failed, 
                    <span class='strong tooltipped' data-position='top' data-tooltip='0%'>
                    0</span> skipped, 
                    <span class='strong tooltipped' data-position='top' data-tooltip='0%'>
                    0</span> others
                </div>
            </div>
        </div>
        <div class='col s12 m4 l4 np-h'>
            <div class='card-panel nm-v'>
                <div class='left panel-name'>Steps</div>
                <div class='chart-box' style="max-height:94px;">
                    <canvas id='grandchild-analysis' width='90' height='70'></canvas>
                </div>
                <div class='block text-small'>
                    <span class='tooltipped' data-position='top' data-tooltip='66%'>
                    <span class='strong'>56</span> steps passed</span>
                </div>
                <div class='block text-small'>
                    <span class='strong tooltipped' data-position='top' data-tooltip='7%'>
                    6</span> steps failed, 
                    <span class='strong tooltipped' data-position='top' data-tooltip='26%'>
                    22</span> skipped, 
                    <span class='strong tooltipped' data-position='top' data-tooltip='0%'>
                    0</span> others
                </div>
            </div>
        </div>
    </div>
    <div id="timeline-chart" class="row nm-v nm-h">
        <div class="col s12 m12 l12 np-h">
            <div class="card-panel">
                <div class='left panel-name'>Timeline (seconds)</div>
                <div class="chart-box" style="width:98%;max-height:145px;">
                    <canvas id="timeline" height="120"></canvas>
                </div>
            </div>
        </div>
    </div>
</div>	
	<div class='subview-left left'>
		<div class='view-summary'>
			<ul id='test-collection' class='test-collection'>
				<li class='test displayed active has-leaf fail' status='fail' bdd='true' test-id='1'>
					<div class='test-heading'>
						<span class='test-name'>Purchase order functionality verification</span>
						<span class='test-time'>Nov 13, 2023 05:10:36 pm</span>
						<span class='test-status right fail'>Fail</span>
					</div>
					<div class='test-content hide'>
<div class="sr-filters bdd-filters">
	<a class="btn-floating waves-effect waves-light pass green" title="pass"><i class='material-icons'>check_circle</i></a>
	<a class="btn-floating waves-effect waves-light fail red" title="fail"><i class='material-icons'>cancel</i></a>
	<a class="btn-floating waves-effect waves-light skip blue" title="skip"><i class='material-icons'>redo</i></a>
	<a class="btn-floating waves-effect waves-light clear grey" title="clear"><i class='material-icons'>clear</i></a>
</div>

<div class='scenario outline node' test-id='2' status='fail'>

	<span class='duration right label'>00 00 58.792</span>
	<div class="bdd-test">
		<div class="scenario-name"><span class='status fail' title='Fail'><i class='material-icons'>cancel</i></span> Scenario Outline: Verify that user is able create purchase order successfully</div>
	</div>
	
		<div class='node-desc'><br><br><table class='markup-table table '><tr><td>TestCase_ID</td></tr><tr><td>Purna_TC_008</td></tr></table></div>
	
		<div class='category-list'>
				<span class='category label'>@RegressionTest</span>
		</div>
	
	<ul class='steps'>
		<li test-id='3' class='node scenario Fail' status='Fail'>
			<div class="step-name" title="()"><span class='status fail' title='Fail'><i class='material-icons'>cancel</i></span>Verify that user is able create purchase order successfully</div>

				<div class='category-list'>
						<span class='category label'>@RegressionTest</span>
				</div>

			<ul class='gc steps'>
				<li test-id='73' class='gc given Pass' status='Pass'>
					<h6 class="step-name" title="com.purna.stepdefinitions.Common_StepDefinitions.user_is_logged_into_purna_application(java.lang.String,java.lang.String)"><span class='status pass' title='Pass'><i class='material-icons'>check_circle</i></span>Given User is logged into Purna application "Purna_TC_008" "Purchase order"</h6>

				</li>
				<li test-id='98' class='gc when Pass' status='Pass'>
					<h6 class="step-name" title="com.purna.stepdefinitions.PurchaseOrder_Stepdefinition.user_clicks_on_purchase_link()"><span class='status pass' title='Pass'><i class='material-icons'>check_circle</i></span>When User clicks on purchase link</h6>

				</li>
				<li test-id='99' class='gc when Pass' status='Pass'>
					<h6 class="step-name" title="com.purna.stepdefinitions.PurchaseOrder_Stepdefinition.user_clicks_on_purchase_order_link()"><span class='status pass' title='Pass'><i class='material-icons'>check_circle</i></span>When User clicks on purchase order link</h6>

				</li>
				<li test-id='100' class='gc when Pass' status='Pass'>
					<h6 class="step-name" title="com.purna.stepdefinitions.PurchaseOrder_Stepdefinition.user_clicks_on_new_purchase_order_button()"><span class='status pass' title='Pass'><i class='material-icons'>check_circle</i></span>When User clicks on New purchase order button</h6>

				</li>
				<li test-id='101' class='gc when Fail' status='Fail'>
					<h6 class="step-name" title="com.purna.stepdefinitions.PurchaseOrder_Stepdefinition.user_enters_below_purchase_invoice_details()"><span class='status fail' title='Fail'><i class='material-icons'>cancel</i></span>When User enters purchase invoice details</h6>

							<textarea disabled class="code-block">org.openqa.selenium.NoSuchElementException: Cannot locate option with text: John
For documentation on this error, please visit: https://www.selenium.dev/documentation/webdriver/troubleshooting/errors#no-such-element-exception
Build info: version: '4.14.1', revision: '03f8ede370'
System info: os.name: 'Windows 11', os.arch: 'amd64', os.version: '10.0', java.version: '17.0.8.1'
Driver info: driver.version: unknown
	at org.openqa.selenium.support.ui.Select.selectByVisibleText(Select.java:153)
	at com.purna.libraries.Utilities.doDropDownUsingVisibleText(Utilities.java:175)
	at com.purna.stepdefinitions.PurchaseOrder_Stepdefinition.user_enters_below_purchase_invoice_details(PurchaseOrder_Stepdefinition.java:59)
	at ?.User enters purchase invoice details(file:///C:/Users/lenovo/web-ui-bdd-framework/src/test/resources/features/PurchaseOrder.feature:9)
</textarea>
				</li>
				<li test-id='119' class='gc when Skip' status='Skip'>
					<h6 class="step-name" title="com.purna.stepdefinitions.PurchaseOrder_Stepdefinition.user_clicks_on_calculate_button()"><span class='status skip' title='Skip'><i class='material-icons'>redo</i></span>When User clicks on Calculate button</h6>

							<div class="node-step">Step skipped</div>
				</li>
				<li test-id='120' class='gc when Skip' status='Skip'>
					<h6 class="step-name" title="com.purna.stepdefinitions.Customer_StepDefinitions.user_clicks_on_Save_button()"><span class='status skip' title='Skip'><i class='material-icons'>redo</i></span>When User clicks on Save button</h6>

							<div class="node-step">Step skipped</div>
				</li>
				<li test-id='121' class='gc when Skip' status='Skip'>
					<h6 class="step-name" title="com.purna.stepdefinitions.PurchaseOrder_Stepdefinition.user_clicks_on_ok_popup()"><span class='status skip' title='Skip'><i class='material-icons'>redo</i></span>When User clicks on Ok popup</h6>

							<div class="node-step">Step skipped</div>
				</li>
				<li test-id='122' class='gc when Skip' status='Skip'>
					<h6 class="step-name" title="com.purna.stepdefinitions.PurchaseOrder_Stepdefinition.user_clicks_on_purchase_invoice_details_button()"><span class='status skip' title='Skip'><i class='material-icons'>redo</i></span>When User clicks on Purchase Invoice details button</h6>

							<div class="node-step">Step skipped</div>
				</li>
				<li test-id='123' class='gc then Skip' status='Skip'>
					<h6 class="step-name" title="com.purna.stepdefinitions.PurchaseOrder_Stepdefinition.user_verifies_that_the_new_purchase_order_is_created()"><span class='status skip' title='Skip'><i class='material-icons'>redo</i></span>Then User verifies that the new Purchase order is created</h6>

							<div class="node-step">Step skipped</div>
				</li>
			</ul>
		</li>
	</ul>
</div>
<div class='scenario outline node' test-id='7' status='fail'>

	<span class='duration right label'>00 00 58.092</span>
	<div class="bdd-test">
		<div class="scenario-name"><span class='status fail' title='Fail'><i class='material-icons'>cancel</i></span> Scenario Outline: Verify that user is able view purchase order successfully</div>
	</div>
	
		<div class='node-desc'><br><br><table class='markup-table table '><tr><td>TestCase_ID</td></tr><tr><td>Purna_TC_009</td></tr></table></div>
	
		<div class='category-list'>
				<span class='category label'>@RegressionTest</span>
		</div>
	
	<ul class='steps'>
		<li test-id='8' class='node scenario Fail' status='Fail'>
			<div class="step-name" title="()"><span class='status fail' title='Fail'><i class='material-icons'>cancel</i></span>Verify that user is able view purchase order successfully</div>

				<div class='category-list'>
						<span class='category label'>@RegressionTest</span>
				</div>

			<ul class='gc steps'>
				<li test-id='50' class='gc given Pass' status='Pass'>
					<h6 class="step-name" title="com.purna.stepdefinitions.Common_StepDefinitions.user_is_logged_into_purna_application(java.lang.String,java.lang.String)"><span class='status pass' title='Pass'><i class='material-icons'>check_circle</i></span>Given User is logged into Purna application "Purna_TC_009" "Purchase order"</h6>

				</li>
				<li test-id='54' class='gc when Pass' status='Pass'>
					<h6 class="step-name" title="com.purna.stepdefinitions.PurchaseOrder_Stepdefinition.user_clicks_on_purchase_link()"><span class='status pass' title='Pass'><i class='material-icons'>check_circle</i></span>When User clicks on purchase link</h6>

				</li>
				<li test-id='72' class='gc when Pass' status='Pass'>
					<h6 class="step-name" title="com.purna.stepdefinitions.PurchaseOrder_Stepdefinition.user_clicks_on_purchase_order_link()"><span class='status pass' title='Pass'><i class='material-icons'>check_circle</i></span>When User clicks on purchase order link</h6>

				</li>
				<li test-id='75' class='gc when Pass' status='Pass'>
					<h6 class="step-name" title="com.purna.stepdefinitions.PurchaseOrder_Stepdefinition.user_clicks_on_new_purchase_order_button()"><span class='status pass' title='Pass'><i class='material-icons'>check_circle</i></span>When User clicks on New purchase order button</h6>

				</li>
				<li test-id='77' class='gc when Fail' status='Fail'>
					<h6 class="step-name" title="com.purna.stepdefinitions.PurchaseOrder_Stepdefinition.user_enters_below_purchase_invoice_details()"><span class='status fail' title='Fail'><i class='material-icons'>cancel</i></span>When User enters purchase invoice details</h6>

							<textarea disabled class="code-block">org.openqa.selenium.NoSuchElementException: Cannot locate option with text: John
For documentation on this error, please visit: https://www.selenium.dev/documentation/webdriver/troubleshooting/errors#no-such-element-exception
Build info: version: '4.14.1', revision: '03f8ede370'
System info: os.name: 'Windows 11', os.arch: 'amd64', os.version: '10.0', java.version: '17.0.8.1'
Driver info: driver.version: unknown
	at org.openqa.selenium.support.ui.Select.selectByVisibleText(Select.java:153)
	at com.purna.libraries.Utilities.doDropDownUsingVisibleText(Utilities.java:175)
	at com.purna.stepdefinitions.PurchaseOrder_Stepdefinition.user_enters_below_purchase_invoice_details(PurchaseOrder_Stepdefinition.java:59)
	at ?.User enters purchase invoice details(file:///C:/Users/lenovo/web-ui-bdd-framework/src/test/resources/features/PurchaseOrder.feature:45)
</textarea>
				</li>
				<li test-id='90' class='gc when Skip' status='Skip'>
					<h6 class="step-name" title="com.purna.stepdefinitions.PurchaseOrder_Stepdefinition.user_clicks_on_calculate_button()"><span class='status skip' title='Skip'><i class='material-icons'>redo</i></span>When User clicks on Calculate button</h6>

							<div class="node-step">Step skipped</div>
				</li>
				<li test-id='91' class='gc when Skip' status='Skip'>
					<h6 class="step-name" title="com.purna.stepdefinitions.Customer_StepDefinitions.user_clicks_on_Save_button()"><span class='status skip' title='Skip'><i class='material-icons'>redo</i></span>When User clicks on Save button</h6>

							<div class="node-step">Step skipped</div>
				</li>
				<li test-id='92' class='gc when Skip' status='Skip'>
					<h6 class="step-name" title="com.purna.stepdefinitions.PurchaseOrder_Stepdefinition.user_clicks_on_ok_popup()"><span class='status skip' title='Skip'><i class='material-icons'>redo</i></span>When User clicks on Ok popup</h6>

							<div class="node-step">Step skipped</div>
				</li>
				<li test-id='93' class='gc when Skip' status='Skip'>
					<h6 class="step-name" title="com.purna.stepdefinitions.PurchaseOrder_Stepdefinition.user_clicks_on_purchase_invoice_details_button()"><span class='status skip' title='Skip'><i class='material-icons'>redo</i></span>When User clicks on Purchase Invoice details button</h6>

							<div class="node-step">Step skipped</div>
				</li>
				<li test-id='94' class='gc when Skip' status='Skip'>
					<h6 class="step-name" title="com.purna.stepdefinitions.PurchaseOrder_Stepdefinition.user_clicks_on_delete_button()"><span class='status skip' title='Skip'><i class='material-icons'>redo</i></span>When User clicks on delete button</h6>

							<div class="node-step">Step skipped</div>
				</li>
				<li test-id='95' class='gc when Skip' status='Skip'>
					<h6 class="step-name" title="com.purna.stepdefinitions.PurchaseOrder_Stepdefinition.user_clicks_on_ok_popup()"><span class='status skip' title='Skip'><i class='material-icons'>redo</i></span>When User clicks on Ok popup</h6>

							<div class="node-step">Step skipped</div>
				</li>
				<li test-id='96' class='gc then Skip' status='Skip'>
					<h6 class="step-name" title="com.purna.stepdefinitions.PurchaseOrder_Stepdefinition.user_verifies_that_the_purchase_order_is_deleted()"><span class='status skip' title='Skip'><i class='material-icons'>redo</i></span>Then User verifies that the purchase order is deleted</h6>

							<div class="node-step">Step skipped</div>
				</li>
			</ul>
		</li>
	</ul>
</div>
<div class='scenario outline node' test-id='9' status='fail'>

	<span class='duration right label'>00 00 55.493</span>
	<div class="bdd-test">
		<div class="scenario-name"><span class='status fail' title='Fail'><i class='material-icons'>cancel</i></span> Scenario Outline: Verify that user is able delete purchase order successfully</div>
	</div>
	
		<div class='node-desc'><br><br><table class='markup-table table '><tr><td>TestCase_ID</td></tr><tr><td>Purna_TC_009</td></tr></table></div>
	
		<div class='category-list'>
				<span class='category label'>@RegressionTest</span>
		</div>
	
	<ul class='steps'>
		<li test-id='10' class='node scenario Fail' status='Fail'>
			<div class="step-name" title="()"><span class='status fail' title='Fail'><i class='material-icons'>cancel</i></span>Verify that user is able delete purchase order successfully</div>

				<div class='category-list'>
						<span class='category label'>@RegressionTest</span>
				</div>

			<ul class='gc steps'>
				<li test-id='49' class='gc given Pass' status='Pass'>
					<h6 class="step-name" title="com.purna.stepdefinitions.Common_StepDefinitions.user_is_logged_into_purna_application(java.lang.String,java.lang.String)"><span class='status pass' title='Pass'><i class='material-icons'>check_circle</i></span>Given User is logged into Purna application "Purna_TC_009" "Purchase order"</h6>

				</li>
				<li test-id='56' class='gc when Pass' status='Pass'>
					<h6 class="step-name" title="com.purna.stepdefinitions.PurchaseOrder_Stepdefinition.user_clicks_on_purchase_link()"><span class='status pass' title='Pass'><i class='material-icons'>check_circle</i></span>When User clicks on purchase link</h6>

				</li>
				<li test-id='59' class='gc when Pass' status='Pass'>
					<h6 class="step-name" title="com.purna.stepdefinitions.PurchaseOrder_Stepdefinition.user_clicks_on_purchase_order_link()"><span class='status pass' title='Pass'><i class='material-icons'>check_circle</i></span>When User clicks on purchase order link</h6>

				</li>
				<li test-id='60' class='gc when Pass' status='Pass'>
					<h6 class="step-name" title="com.purna.stepdefinitions.PurchaseOrder_Stepdefinition.user_clicks_on_new_purchase_order_button()"><span class='status pass' title='Pass'><i class='material-icons'>check_circle</i></span>When User clicks on New purchase order button</h6>

				</li>
				<li test-id='62' class='gc when Fail' status='Fail'>
					<h6 class="step-name" title="com.purna.stepdefinitions.PurchaseOrder_Stepdefinition.user_enters_below_purchase_invoice_details()"><span class='status fail' title='Fail'><i class='material-icons'>cancel</i></span>When User enters purchase invoice details</h6>

							<textarea disabled class="code-block">org.openqa.selenium.NoSuchElementException: Cannot locate option with text: John
For documentation on this error, please visit: https://www.selenium.dev/documentation/webdriver/troubleshooting/errors#no-such-element-exception
Build info: version: '4.14.1', revision: '03f8ede370'
System info: os.name: 'Windows 11', os.arch: 'amd64', os.version: '10.0', java.version: '17.0.8.1'
Driver info: driver.version: unknown
	at org.openqa.selenium.support.ui.Select.selectByVisibleText(Select.java:153)
	at com.purna.libraries.Utilities.doDropDownUsingVisibleText(Utilities.java:175)
	at com.purna.stepdefinitions.PurchaseOrder_Stepdefinition.user_enters_below_purchase_invoice_details(PurchaseOrder_Stepdefinition.java:59)
	at ?.User enters purchase invoice details(file:///C:/Users/lenovo/web-ui-bdd-framework/src/test/resources/features/PurchaseOrder.feature:26)
</textarea>
				</li>
				<li test-id='78' class='gc when Skip' status='Skip'>
					<h6 class="step-name" title="com.purna.stepdefinitions.PurchaseOrder_Stepdefinition.user_clicks_on_calculate_button()"><span class='status skip' title='Skip'><i class='material-icons'>redo</i></span>When User clicks on Calculate button</h6>

							<div class="node-step">Step skipped</div>
				</li>
				<li test-id='79' class='gc when Skip' status='Skip'>
					<h6 class="step-name" title="com.purna.stepdefinitions.Customer_StepDefinitions.user_clicks_on_Save_button()"><span class='status skip' title='Skip'><i class='material-icons'>redo</i></span>When User clicks on Save button</h6>

							<div class="node-step">Step skipped</div>
				</li>
				<li test-id='80' class='gc when Skip' status='Skip'>
					<h6 class="step-name" title="com.purna.stepdefinitions.PurchaseOrder_Stepdefinition.user_clicks_on_ok_popup()"><span class='status skip' title='Skip'><i class='material-icons'>redo</i></span>When User clicks on Ok popup</h6>

							<div class="node-step">Step skipped</div>
				</li>
				<li test-id='81' class='gc when Skip' status='Skip'>
					<h6 class="step-name" title="com.purna.stepdefinitions.PurchaseOrder_Stepdefinition.user_clicks_on_purchase_invoice_details_button()"><span class='status skip' title='Skip'><i class='material-icons'>redo</i></span>When User clicks on Purchase Invoice details button</h6>

							<div class="node-step">Step skipped</div>
				</li>
				<li test-id='82' class='gc when Skip' status='Skip'>
					<h6 class="step-name" title="com.purna.stepdefinitions.PurchaseOrder_Stepdefinition.user_clicks_on_delete_button()"><span class='status skip' title='Skip'><i class='material-icons'>redo</i></span>When User clicks on delete button</h6>

							<div class="node-step">Step skipped</div>
				</li>
				<li test-id='83' class='gc when Skip' status='Skip'>
					<h6 class="step-name" title="com.purna.stepdefinitions.PurchaseOrder_Stepdefinition.user_clicks_on_ok_popup()"><span class='status skip' title='Skip'><i class='material-icons'>redo</i></span>When User clicks on Ok popup</h6>

							<div class="node-step">Step skipped</div>
				</li>
				<li test-id='84' class='gc then Skip' status='Skip'>
					<h6 class="step-name" title="com.purna.stepdefinitions.PurchaseOrder_Stepdefinition.user_verifies_that_the_purchase_order_is_deleted()"><span class='status skip' title='Skip'><i class='material-icons'>redo</i></span>Then User verifies that the purchase order is deleted</h6>

							<div class="node-step">Step skipped</div>
				</li>
			</ul>
		</li>
	</ul>
</div>
					</div>
				</li>
				<li class='test displayed active has-leaf pass' status='pass' bdd='true' test-id='4'>
					<div class='test-heading'>
						<span class='test-name'>Verify Project functionality</span>
						<span class='test-time'>Nov 13, 2023 05:10:36 pm</span>
						<span class='test-status right pass'>Pass</span>
					</div>
					<div class='test-content hide'>
<div class="sr-filters bdd-filters">
	<a class="btn-floating waves-effect waves-light pass green" title="pass"><i class='material-icons'>check_circle</i></a>
	<a class="btn-floating waves-effect waves-light fail red" title="fail"><i class='material-icons'>cancel</i></a>
	<a class="btn-floating waves-effect waves-light skip blue" title="skip"><i class='material-icons'>redo</i></a>
	<a class="btn-floating waves-effect waves-light clear grey" title="clear"><i class='material-icons'>clear</i></a>
</div>
	<div class='test-desc'>  I want to Verify Project functionality</div>

<div class='scenario outline node' test-id='5' status='pass'>

	<span class='duration right label'>00 00 40.019</span>
	<div class="bdd-test">
		<div class="scenario-name"><span class='status pass' title='Pass'><i class='material-icons'>check_circle</i></span> Scenario Outline: Verify that user is able to create new project</div>
	</div>
	
		<div class='node-desc'><br><br><table class='markup-table table '><tr><td>TestCase_ID</td></tr><tr><td>Purna_TC_007</td></tr></table></div>
	
		<div class='category-list'>
				<span class='category label'>@RegressionTest</span>
		</div>
	
	<ul class='steps'>
		<li test-id='6' class='node scenario Pass' status='Pass'>
			<div class="step-name" title="()"><span class='status pass' title='Pass'><i class='material-icons'>check_circle</i></span>Verify that user is able to create new project</div>

				<div class='category-list'>
						<span class='category label'>@RegressionTest</span>
				</div>

			<ul class='gc steps'>
				<li test-id='38' class='gc given Pass' status='Pass'>
					<h6 class="step-name" title="com.purna.stepdefinitions.Common_StepDefinitions.user_is_logged_into_purna_application(java.lang.String,java.lang.String)"><span class='status pass' title='Pass'><i class='material-icons'>check_circle</i></span>Given User is logged into Purna application "Purna_TC_007" "Project"</h6>

				</li>
				<li test-id='41' class='gc when Pass' status='Pass'>
					<h6 class="step-name" title="com.purna.stepdefinitions.Common_StepDefinitions.user_clicks_on_main_menu()"><span class='status pass' title='Pass'><i class='material-icons'>check_circle</i></span>When user clicks on main menu</h6>

				</li>
				<li test-id='63' class='gc when Pass' status='Pass'>
					<h6 class="step-name" title="com.purna.stepdefinitions.Project_stepDefinition.user_clicks_on_project_link()"><span class='status pass' title='Pass'><i class='material-icons'>check_circle</i></span>When user clicks on project link</h6>

				</li>
				<li test-id='66' class='gc when Pass' status='Pass'>
					<h6 class="step-name" title="com.purna.stepdefinitions.Project_stepDefinition.user_clicks_on_add_new_project_button()"><span class='status pass' title='Pass'><i class='material-icons'>check_circle</i></span>When user clicks on add new project button</h6>

				</li>
				<li test-id='67' class='gc when Pass' status='Pass'>
					<h6 class="step-name" title="com.purna.stepdefinitions.Project_stepDefinition.user_enters_below_project_details()"><span class='status pass' title='Pass'><i class='material-icons'>check_circle</i></span>When user enters project details</h6>

				</li>
				<li test-id='68' class='gc when Pass' status='Pass'>
					<h6 class="step-name" title="com.purna.stepdefinitions.Project_stepDefinition.user_clicks_on_save_button()"><span class='status pass' title='Pass'><i class='material-icons'>check_circle</i></span>When user clicks on save button</h6>

				</li>
				<li test-id='69' class='gc when Pass' status='Pass'>
					<h6 class="step-name" title="com.purna.stepdefinitions.Project_stepDefinition.user_clicks_on_ok_button_on_popup()"><span class='status pass' title='Pass'><i class='material-icons'>check_circle</i></span>When user clicks on ok button on popup</h6>

				</li>
				<li test-id='70' class='gc when Pass' status='Pass'>
					<h6 class="step-name" title="com.purna.stepdefinitions.Project_stepDefinition.clicks_on_project_details_button()"><span class='status pass' title='Pass'><i class='material-icons'>check_circle</i></span>When clicks on project details button</h6>

				</li>
				<li test-id='74' class='gc then Pass' status='Pass'>
					<h6 class="step-name" title="com.purna.stepdefinitions.Project_stepDefinition.user_verifies_that_the_new_project_is_created()"><span class='status pass' title='Pass'><i class='material-icons'>check_circle</i></span>Then user verifies that the new project is created</h6>

				</li>
			</ul>
		</li>
	</ul>
</div>
					</div>
				</li>
				<li class='test displayed active has-leaf pass' status='pass' bdd='true' test-id='11'>
					<div class='test-heading'>
						<span class='test-name'>Customer module verification</span>
						<span class='test-time'>Nov 13, 2023 05:10:36 pm</span>
						<span class='test-status right pass'>Pass</span>
					</div>
					<div class='test-content hide'>
<div class="sr-filters bdd-filters">
	<a class="btn-floating waves-effect waves-light pass green" title="pass"><i class='material-icons'>check_circle</i></a>
	<a class="btn-floating waves-effect waves-light fail red" title="fail"><i class='material-icons'>cancel</i></a>
	<a class="btn-floating waves-effect waves-light skip blue" title="skip"><i class='material-icons'>redo</i></a>
	<a class="btn-floating waves-effect waves-light clear grey" title="clear"><i class='material-icons'>clear</i></a>
</div>
	<div class='test-desc'>  This feature will verify Customer functionalities</div>

<div class='scenario outline node' test-id='12' status='pass'>

	<span class='duration right label'>00 00 58.615</span>
	<div class="bdd-test">
		<div class="scenario-name"><span class='status pass' title='Pass'><i class='material-icons'>check_circle</i></span> Scenario Outline: Verify that user is able to create the Customer</div>
	</div>
	
		<div class='node-desc'><br><br><table class='markup-table table '><tr><td>TestCase_ID</td></tr><tr><td>Purna_TC_001</td></tr></table></div>
	
		<div class='category-list'>
				<span class='category label'>@RegressionTest</span>
		</div>
	
	<ul class='steps'>
		<li test-id='13' class='node scenario Pass' status='Pass'>
			<div class="step-name" title="()"><span class='status pass' title='Pass'><i class='material-icons'>check_circle</i></span>Verify that user is able to create the Customer</div>

				<div class='category-list'>
						<span class='category label'>@RegressionTest</span>
				</div>

			<ul class='gc steps'>
				<li test-id='51' class='gc given Pass' status='Pass'>
					<h6 class="step-name" title="com.purna.stepdefinitions.Common_StepDefinitions.userIsOnPurnaLoginPage(java.lang.String,java.lang.String)"><span class='status pass' title='Pass'><i class='material-icons'>check_circle</i></span>Given User is on Purna login page "Purna_TC_001" "Customer"</h6>

				</li>
				<li test-id='52' class='gc when Pass' status='Pass'>
					<h6 class="step-name" title="com.purna.stepdefinitions.Login_StepDefinitions.userOnLoginPageEntersValidUsersnameAndPassword()"><span class='status pass' title='Pass'><i class='material-icons'>check_circle</i></span>When User on Login Page enters valid username and password</h6>

				</li>
				<li test-id='53' class='gc and Pass' status='Pass'>
					<h6 class="step-name" title="com.purna.stepdefinitions.Login_StepDefinitions.userClicksOnLogInButton()"><span class='status pass' title='Pass'><i class='material-icons'>check_circle</i></span>And User clicks on Login button</h6>

				</li>
				<li test-id='57' class='gc when Pass' status='Pass'>
					<h6 class="step-name" title="com.purna.stepdefinitions.Customer_StepDefinitions.user_clicks_on_Main_menu()"><span class='status pass' title='Pass'><i class='material-icons'>check_circle</i></span>When User clicks on Main menu</h6>

				</li>
				<li test-id='116' class='gc when Pass' status='Pass'>
					<h6 class="step-name" title="com.purna.stepdefinitions.Customer_StepDefinitions.user_clicks_on_Customer_link()"><span class='status pass' title='Pass'><i class='material-icons'>check_circle</i></span>When User clicks on Customer link</h6>

				</li>
				<li test-id='117' class='gc when Pass' status='Pass'>
					<h6 class="step-name" title="com.purna.stepdefinitions.Customer_StepDefinitions.user_clicks_clicks_on_New_customer_button()"><span class='status pass' title='Pass'><i class='material-icons'>check_circle</i></span>When User clicks clicks on New customer button</h6>

				</li>
				<li test-id='118' class='gc when Pass' status='Pass'>
					<h6 class="step-name" title="com.purna.stepdefinitions.Customer_StepDefinitions.user_enters_the_customer_details(io.cucumber.datatable.DataTable)"><span class='status pass' title='Pass'><i class='material-icons'>check_circle</i></span>When User enters the customer details</h6>

							<div class="node-step"><table class='markup-table table '><tr><td>123321</td><td>Sachin</td><td>9898976556</td><td>Pune</td><td>GST123</td></tr></table></div>
				</li>
				<li test-id='125' class='gc when Pass' status='Pass'>
					<h6 class="step-name" title="com.purna.stepdefinitions.Customer_StepDefinitions.user_clicks_on_Save_button()"><span class='status pass' title='Pass'><i class='material-icons'>check_circle</i></span>When User clicks on Save button</h6>

				</li>
				<li test-id='126' class='gc when Pass' status='Pass'>
					<h6 class="step-name" title="com.purna.stepdefinitions.Customer_StepDefinitions.user_click_on_Ok_button_on_popup()"><span class='status pass' title='Pass'><i class='material-icons'>check_circle</i></span>When User click on Ok button on popup</h6>

				</li>
				<li test-id='127' class='gc when Pass' status='Pass'>
					<h6 class="step-name" title="com.purna.stepdefinitions.Customer_StepDefinitions.user_clicks_on_Customer_details_button()"><span class='status pass' title='Pass'><i class='material-icons'>check_circle</i></span>When User clicks on Customer details button</h6>

				</li>
				<li test-id='128' class='gc then Pass' status='Pass'>
					<h6 class="step-name" title="com.purna.stepdefinitions.Customer_StepDefinitions.user_verfies_that_customer_is_created()"><span class='status pass' title='Pass'><i class='material-icons'>check_circle</i></span>Then User verfies that customer is created</h6>

				</li>
			</ul>
		</li>
	</ul>
</div>
					</div>
				</li>
				<li class='test displayed active has-leaf fail' status='fail' bdd='true' test-id='14'>
					<div class='test-heading'>
						<span class='test-name'>Login Verification</span>
						<span class='test-time'>Nov 13, 2023 05:10:36 pm</span>
						<span class='test-status right fail'>Fail</span>
					</div>
					<div class='test-content hide'>
<div class="sr-filters bdd-filters">
	<a class="btn-floating waves-effect waves-light pass green" title="pass"><i class='material-icons'>check_circle</i></a>
	<a class="btn-floating waves-effect waves-light fail red" title="fail"><i class='material-icons'>cancel</i></a>
	<a class="btn-floating waves-effect waves-light skip blue" title="skip"><i class='material-icons'>redo</i></a>
	<a class="btn-floating waves-effect waves-light clear grey" title="clear"><i class='material-icons'>clear</i></a>
</div>
	<div class='test-desc'>  This feature will verify login validations for P</div>

<div class='scenario outline node' test-id='15' status='fail'>

	<span class='duration right label'>00 00 40.619</span>
	<div class="bdd-test">
		<div class="scenario-name"><span class='status fail' title='Fail'><i class='material-icons'>cancel</i></span> Scenario Outline: Login Scenario one</div>
	</div>
	
		<div class='node-desc'><br><br><table class='markup-table table '><tr><td>TestCase_ID</td></tr><tr><td>Purna_TC_002</td></tr></table><br><br><table class='markup-table table '><tr><td>TestCase_ID</td></tr><tr><td>Purna_TC_001</td></tr></table></div>
	
		<div class='category-list'>
				<span class='category label'>@RegressionTest</span>
		</div>
	
	<ul class='steps'>
		<li test-id='16' class='node scenario Fail' status='Fail'>
			<div class="step-name" title="()"><span class='status fail' title='Fail'><i class='material-icons'>cancel</i></span>Login Scenario one</div>

				<div class='category-list'>
						<span class='category label'>@RegressionTest</span>
				</div>

			<ul class='gc steps'>
				<li test-id='39' class='gc given Pass' status='Pass'>
					<h6 class="step-name" title="com.purna.stepdefinitions.Common_StepDefinitions.userIsOnPurnaLoginPage(java.lang.String,java.lang.String)"><span class='status pass' title='Pass'><i class='material-icons'>check_circle</i></span>Given User is on Purna login page "Purna_TC_002" "Login"</h6>

				</li>
				<li test-id='40' class='gc when Pass' status='Pass'>
					<h6 class="step-name" title="com.purna.stepdefinitions.Login_StepDefinitions.userOnLoginPageEntersInvalidUsersnameAndPassword()"><span class='status pass' title='Pass'><i class='material-icons'>check_circle</i></span>When User on Login Page enters invalid username and password</h6>

				</li>
				<li test-id='42' class='gc and Pass' status='Pass'>
					<h6 class="step-name" title="com.purna.stepdefinitions.Login_StepDefinitions.userClicksOnLogInButton()"><span class='status pass' title='Pass'><i class='material-icons'>check_circle</i></span>And User clicks on Login button</h6>

				</li>
				<li test-id='43' class='gc then Fail' status='Fail'>
					<h6 class="step-name" title="com.purna.stepdefinitions.Login_StepDefinitions.user_should_navigates_to_sales_dashboard_page()"><span class='status fail' title='Fail'><i class='material-icons'>cancel</i></span>Then User should navigates to sales dashboard page</h6>

							<textarea disabled class="code-block">java.lang.AssertionError: expected:<https://www.purnadata.in/PurnaDemo/index.php> but was:<null>
	at org.junit.Assert.fail(Assert.java:93)
	at org.junit.Assert.failNotEquals(Assert.java:647)
	at org.junit.Assert.assertEquals(Assert.java:128)
	at org.junit.Assert.assertEquals(Assert.java:147)
	at com.purna.stepdefinitions.Login_StepDefinitions.user_should_navigates_to_sales_dashboard_page(Login_StepDefinitions.java:45)
	at ?.User should navigates to sales dashboard page(file:///C:/Users/lenovo/web-ui-bdd-framework/src/test/resources/features/Login.feature:20)
</textarea>
				</li>
			</ul>
		</li>
		<li test-id='18' class='node scenario Pass' status='Pass'>
			<div class="step-name" title="()"><span class='status pass' title='Pass'><i class='material-icons'>check_circle</i></span>Login Scenario one</div>

				<div class='category-list'>
						<span class='category label'>@RegressionTest</span>
				</div>

			<ul class='gc steps'>
				<li test-id='45' class='gc given Pass' status='Pass'>
					<h6 class="step-name" title="com.purna.stepdefinitions.Common_StepDefinitions.userIsOnPurnaLoginPage(java.lang.String,java.lang.String)"><span class='status pass' title='Pass'><i class='material-icons'>check_circle</i></span>Given User is on Purna login page "Purna_TC_001" "Login"</h6>

				</li>
				<li test-id='46' class='gc when Pass' status='Pass'>
					<h6 class="step-name" title="com.purna.stepdefinitions.Login_StepDefinitions.userOnLoginPageEntersValidUsersnameAndPassword()"><span class='status pass' title='Pass'><i class='material-icons'>check_circle</i></span>When User on Login Page enters valid username and password</h6>

				</li>
				<li test-id='48' class='gc and Pass' status='Pass'>
					<h6 class="step-name" title="com.purna.stepdefinitions.Login_StepDefinitions.userClicksOnLogInButton()"><span class='status pass' title='Pass'><i class='material-icons'>check_circle</i></span>And User clicks on Login button</h6>

				</li>
				<li test-id='64' class='gc then Pass' status='Pass'>
					<h6 class="step-name" title="com.purna.stepdefinitions.Login_StepDefinitions.user_should_navigates_to_sales_dashboard_page()"><span class='status pass' title='Pass'><i class='material-icons'>check_circle</i></span>Then User should navigates to sales dashboard page</h6>

				</li>
			</ul>
		</li>
	</ul>
</div>
					</div>
				</li>
				<li class='test displayed active has-leaf fail' status='fail' bdd='true' test-id='20'>
					<div class='test-heading'>
						<span class='test-name'>Verify Supplier module</span>
						<span class='test-time'>Nov 13, 2023 05:10:36 pm</span>
						<span class='test-status right fail'>Fail</span>
					</div>
					<div class='test-content hide'>
<div class="sr-filters bdd-filters">
	<a class="btn-floating waves-effect waves-light pass green" title="pass"><i class='material-icons'>check_circle</i></a>
	<a class="btn-floating waves-effect waves-light fail red" title="fail"><i class='material-icons'>cancel</i></a>
	<a class="btn-floating waves-effect waves-light skip blue" title="skip"><i class='material-icons'>redo</i></a>
	<a class="btn-floating waves-effect waves-light clear grey" title="clear"><i class='material-icons'>clear</i></a>
</div>
	<div class='test-desc'>	Verify the Supplier functionalities for Purna application</div>

<div class='scenario outline node' test-id='21' status='fail'>

	<span class='duration right label'>00 01 04.090</span>
	<div class="bdd-test">
		<div class="scenario-name"><span class='status fail' title='Fail'><i class='material-icons'>cancel</i></span> Scenario Outline: Verify that user is able to create supplier</div>
	</div>
	
		<div class='node-desc'><br><br><table class='markup-table table '><tr><td>TestCase_ID</td></tr><tr><td>Purna_TC_001</td></tr></table></div>
	
		<div class='category-list'>
				<span class='category label'>@RegressionTest</span>
		</div>
	
	<ul class='steps'>
		<li test-id='22' class='node scenario Fail' status='Fail'>
			<div class="step-name" title="()"><span class='status fail' title='Fail'><i class='material-icons'>cancel</i></span>Verify that user is able to create supplier</div>

				<div class='category-list'>
						<span class='category label'>@RegressionTest</span>
				</div>

			<ul class='gc steps'>
				<li test-id='71' class='gc given Pass' status='Pass'>
					<h6 class="step-name" title="com.purna.stepdefinitions.Common_StepDefinitions.user_is_logged_into_purna_application(java.lang.String,java.lang.String)"><span class='status pass' title='Pass'><i class='material-icons'>check_circle</i></span>Given User is logged into Purna application "Purna_TC_001" "Supplier"</h6>

				</li>
				<li test-id='105' class='gc when Pass' status='Pass'>
					<h6 class="step-name" title="com.purna.stepdefinitions.Supplier_stepdefinition.user_clicks_on_main_menu()"><span class='status pass' title='Pass'><i class='material-icons'>check_circle</i></span>When User clicks on Main Menu</h6>

				</li>
				<li test-id='106' class='gc when Pass' status='Pass'>
					<h6 class="step-name" title="com.purna.stepdefinitions.Supplier_stepdefinition.user_clicks_on_supplier_link()"><span class='status pass' title='Pass'><i class='material-icons'>check_circle</i></span>When User clicks on supplier link</h6>

				</li>
				<li test-id='107' class='gc when Pass' status='Pass'>
					<h6 class="step-name" title="com.purna.stepdefinitions.Supplier_stepdefinition.user_clicks_on_new_supplier_button()"><span class='status pass' title='Pass'><i class='material-icons'>check_circle</i></span>When User clicks on New Supplier button</h6>

				</li>
				<li test-id='108' class='gc when Pass' status='Pass'>
					<h6 class="step-name" title="com.purna.stepdefinitions.Supplier_stepdefinition.user_enters_below_supplier_details()"><span class='status pass' title='Pass'><i class='material-icons'>check_circle</i></span>When User enters below supplier details</h6>

				</li>
				<li test-id='109' class='gc when Pass' status='Pass'>
					<h6 class="step-name" title="com.purna.stepdefinitions.Supplier_stepdefinition.user_clicks_on_save_button()"><span class='status pass' title='Pass'><i class='material-icons'>check_circle</i></span>When User clicks on supplier Save button</h6>

				</li>
				<li test-id='110' class='gc when Pass' status='Pass'>
					<h6 class="step-name" title="com.purna.stepdefinitions.Supplier_stepdefinition.user_clicks_on_supplier_details_button()"><span class='status pass' title='Pass'><i class='material-icons'>check_circle</i></span>When User clicks on Supplier details button</h6>

				</li>
				<li test-id='115' class='gc then Fail' status='Fail'>
					<h6 class="step-name" title="com.purna.stepdefinitions.Supplier_stepdefinition.supplier_should_be_created()"><span class='status fail' title='Fail'><i class='material-icons'>cancel</i></span>Then Supplier should be created</h6>

							<textarea disabled class="code-block">org.openqa.selenium.NoSuchElementException: no such element: Unable to locate element: {"method":"xpath","selector":"//td[text()='John']"}
  (Session info: chrome=119.0.6045.124)
For documentation on this error, please visit: https://www.selenium.dev/documentation/webdriver/troubleshooting/errors#no-such-element-exception
Build info: version: '4.14.1', revision: '03f8ede370'
System info: os.name: 'Windows 11', os.arch: 'amd64', os.version: '10.0', java.version: '17.0.8.1'
Driver info: org.openqa.selenium.chrome.ChromeDriver
Command: [d80fde4fd65d327615bf8af4c01f21b3, findElement {using=xpath, value=//td[text()='John']}]
Capabilities {acceptInsecureCerts: false, browserName: chrome, browserVersion: 119.0.6045.124, chrome: {chromedriverVersion: 119.0.6045.105 (38c72552c5e..., userDataDir: C:\Users\lenovo\AppData\Loc...}, fedcm:accounts: true, goog:chromeOptions: {debuggerAddress: localhost:49339}, networkConnectionEnabled: false, pageLoadStrategy: normal, platformName: windows, proxy: Proxy(), se:cdp: ws://localhost:49339/devtoo..., se:cdpVersion: 119.0.6045.124, setWindowRect: true, strictFileInteractability: false, timeouts: {implicit: 0, pageLoad: 300000, script: 30000}, unhandledPromptBehavior: dismiss and notify, webauthn:extension:credBlob: true, webauthn:extension:largeBlob: true, webauthn:extension:minPinLength: true, webauthn:extension:prf: true, webauthn:virtualAuthenticators: true}
Session ID: d80fde4fd65d327615bf8af4c01f21b3
	at java.base/jdk.internal.reflect.NativeConstructorAccessorImpl.newInstance0(Native Method)
	at java.base/jdk.internal.reflect.NativeConstructorAccessorImpl.newInstance(NativeConstructorAccessorImpl.java:77)
	at java.base/jdk.internal.reflect.DelegatingConstructorAccessorImpl.newInstance(DelegatingConstructorAccessorImpl.java:45)
	at java.base/java.lang.reflect.Constructor.newInstanceWithCaller(Constructor.java:499)
	at java.base/java.lang.reflect.Constructor.newInstance(Constructor.java:480)
	at org.openqa.selenium.remote.codec.w3c.W3CHttpResponseCodec.createException(W3CHttpResponseCodec.java:200)
	at org.openqa.selenium.remote.codec.w3c.W3CHttpResponseCodec.decode(W3CHttpResponseCodec.java:133)
	at org.openqa.selenium.remote.codec.w3c.W3CHttpResponseCodec.decode(W3CHttpResponseCodec.java:52)
	at org.openqa.selenium.remote.HttpCommandExecutor.execute(HttpCommandExecutor.java:191)
	at org.openqa.selenium.remote.service.DriverCommandExecutor.invokeExecute(DriverCommandExecutor.java:200)
	at org.openqa.selenium.remote.service.DriverCommandExecutor.execute(DriverCommandExecutor.java:175)
	at org.openqa.selenium.remote.RemoteWebDriver.execute(RemoteWebDriver.java:602)
	at org.openqa.selenium.remote.ElementLocation$ElementFinder$2.findElement(ElementLocation.java:165)
	at org.openqa.selenium.remote.ElementLocation.findElement(ElementLocation.java:59)
	at org.openqa.selenium.remote.RemoteWebDriver.findElement(RemoteWebDriver.java:359)
	at org.openqa.selenium.remote.RemoteWebDriver.findElement(RemoteWebDriver.java:353)
	at com.purna.stepdefinitions.Supplier_stepdefinition.supplier_should_be_created(Supplier_stepdefinition.java:72)
	at ?.Supplier should be created(file:///C:/Users/lenovo/web-ui-bdd-framework/src/test/resources/features/Supplier.feature:14)
</textarea>
				</li>
			</ul>
		</li>
	</ul>
</div>
					</div>
				</li>
				<li class='test displayed active has-leaf pass' status='pass' bdd='true' test-id='24'>
					<div class='test-heading'>
						<span class='test-name'>Purna Inventory functionality verification</span>
						<span class='test-time'>Nov 13, 2023 05:10:36 pm</span>
						<span class='test-status right pass'>Pass</span>
					</div>
					<div class='test-content hide'>
<div class="sr-filters bdd-filters">
	<a class="btn-floating waves-effect waves-light pass green" title="pass"><i class='material-icons'>check_circle</i></a>
	<a class="btn-floating waves-effect waves-light fail red" title="fail"><i class='material-icons'>cancel</i></a>
	<a class="btn-floating waves-effect waves-light skip blue" title="skip"><i class='material-icons'>redo</i></a>
	<a class="btn-floating waves-effect waves-light clear grey" title="clear"><i class='material-icons'>clear</i></a>
</div>

<div class='scenario outline node' test-id='25' status='pass'>

	<span class='duration right label'>00 00 58.968</span>
	<div class="bdd-test">
		<div class="scenario-name"><span class='status pass' title='Pass'><i class='material-icons'>check_circle</i></span> Scenario Outline: Verify that user is able to create inventory successfully</div>
	</div>
	
		<div class='node-desc'><br><br><table class='markup-table table '><tr><td>TestCase_ID</td></tr><tr><td>Purna_TC_010</td></tr></table></div>
	
		<div class='category-list'>
				<span class='category label'>@RegressionTest</span>
		</div>
	
	<ul class='steps'>
		<li test-id='26' class='node scenario Pass' status='Pass'>
			<div class="step-name" title="()"><span class='status pass' title='Pass'><i class='material-icons'>check_circle</i></span>Verify that user is able to create inventory successfully</div>

				<div class='category-list'>
						<span class='category label'>@RegressionTest</span>
				</div>

			<ul class='gc steps'>
				<li test-id='37' class='gc given Pass' status='Pass'>
					<h6 class="step-name" title="com.purna.stepdefinitions.Common_StepDefinitions.user_is_logged_into_purna_application(java.lang.String,java.lang.String)"><span class='status pass' title='Pass'><i class='material-icons'>check_circle</i></span>Given User is logged into Purna application "Purna_TC_010" "Inventory"</h6>

				</li>
				<li test-id='47' class='gc when Pass' status='Pass'>
					<h6 class="step-name" title="com.purna.stepdefinitions.Common_StepDefinitions.user_clicks_on_main_menu()"><span class='status pass' title='Pass'><i class='material-icons'>check_circle</i></span>When user clicks on main menu</h6>

				</li>
				<li test-id='102' class='gc when Pass' status='Pass'>
					<h6 class="step-name" title="com.purna.stepdefinitions.Inventory_stepdefinition.user_clicks_on_inventory_link()"><span class='status pass' title='Pass'><i class='material-icons'>check_circle</i></span>When user clicks on Inventory link</h6>

				</li>
				<li test-id='103' class='gc when Pass' status='Pass'>
					<h6 class="step-name" title="com.purna.stepdefinitions.Inventory_stepdefinition.user_clicks_on_add_new_item_button()"><span class='status pass' title='Pass'><i class='material-icons'>check_circle</i></span>When user clicks on Add new Item button</h6>

				</li>
				<li test-id='104' class='gc when Pass' status='Pass'>
					<h6 class="step-name" title="com.purna.stepdefinitions.Inventory_stepdefinition.user_enters_inventory_details()"><span class='status pass' title='Pass'><i class='material-icons'>check_circle</i></span>When user enters inventory details</h6>

				</li>
				<li test-id='111' class='gc when Pass' status='Pass'>
					<h6 class="step-name" title="com.purna.stepdefinitions.Inventory_stepdefinition.user_clicks_on_add_item_button()"><span class='status pass' title='Pass'><i class='material-icons'>check_circle</i></span>When user clicks on Add Item button</h6>

				</li>
				<li test-id='112' class='gc when Pass' status='Pass'>
					<h6 class="step-name" title="com.purna.stepdefinitions.Inventory_stepdefinition.user_clicks_on_item_details_button()"><span class='status pass' title='Pass'><i class='material-icons'>check_circle</i></span>When user clicks on Item details button</h6>

				</li>
				<li test-id='113' class='gc then Pass' status='Pass'>
					<h6 class="step-name" title="com.purna.stepdefinitions.Inventory_stepdefinition.inventory_should_be_created()"><span class='status pass' title='Pass'><i class='material-icons'>check_circle</i></span>Then Inventory should be created</h6>

				</li>
			</ul>
		</li>
	</ul>
</div>
					</div>
				</li>
				<li class='test displayed active has-leaf fail' status='fail' bdd='true' test-id='32'>
					<div class='test-heading'>
						<span class='test-name'>Purna Sales invoice functionality</span>
						<span class='test-time'>Nov 13, 2023 05:10:36 pm</span>
						<span class='test-status right fail'>Fail</span>
					</div>
					<div class='test-content hide'>
<div class="sr-filters bdd-filters">
	<a class="btn-floating waves-effect waves-light pass green" title="pass"><i class='material-icons'>check_circle</i></a>
	<a class="btn-floating waves-effect waves-light fail red" title="fail"><i class='material-icons'>cancel</i></a>
	<a class="btn-floating waves-effect waves-light skip blue" title="skip"><i class='material-icons'>redo</i></a>
	<a class="btn-floating waves-effect waves-light clear grey" title="clear"><i class='material-icons'>clear</i></a>
</div>
	<div class='test-desc'>  I want to validate the Sales invoice functionality</div>

<div class='scenario outline node' test-id='33' status='fail'>

	<span class='duration right label'>00 00 50.364</span>
	<div class="bdd-test">
		<div class="scenario-name"><span class='status fail' title='Fail'><i class='material-icons'>cancel</i></span> Scenario Outline: Verify that sales invoice is created successfully</div>
	</div>
	
		<div class='node-desc'><br><br><table class='markup-table table '><tr><td>TestCase_ID</td></tr><tr><td>Purna_TC_011</td></tr></table></div>
	
		<div class='category-list'>
				<span class='category label'>@RegressionTest</span>
		</div>
	
	<ul class='steps'>
		<li test-id='34' class='node scenario Fail' status='Fail'>
			<div class="step-name" title="()"><span class='status fail' title='Fail'><i class='material-icons'>cancel</i></span>Verify that sales invoice is created successfully</div>

				<div class='category-list'>
						<span class='category label'>@RegressionTest</span>
				</div>

			<ul class='gc steps'>
				<li test-id='55' class='gc given Pass' status='Pass'>
					<h6 class="step-name" title="com.purna.stepdefinitions.Common_StepDefinitions.user_is_logged_into_purna_application(java.lang.String,java.lang.String)"><span class='status pass' title='Pass'><i class='material-icons'>check_circle</i></span>Given User is logged into Purna application "Purna_TC_011" "SalesInvoice"</h6>

				</li>
				<li test-id='58' class='gc when Pass' status='Pass'>
					<h6 class="step-name" title="com.purna.stepdefinitions.SalesInvoice_stepdefinition.user_clicks_on_new_sale_invoice_button()"><span class='status pass' title='Pass'><i class='material-icons'>check_circle</i></span>When user clicks on New sale invoice button</h6>

				</li>
				<li test-id='61' class='gc when Fail' status='Fail'>
					<h6 class="step-name" title="com.purna.stepdefinitions.SalesInvoice_stepdefinition.user_enters_sales_invoice_details()"><span class='status fail' title='Fail'><i class='material-icons'>cancel</i></span>When user enters sales invoice details</h6>

							<textarea disabled class="code-block">org.openqa.selenium.NoSuchElementException: Cannot locate option with value: Ms Dhoni
For documentation on this error, please visit: https://www.selenium.dev/documentation/webdriver/troubleshooting/errors#no-such-element-exception
Build info: version: '4.14.1', revision: '03f8ede370'
System info: os.name: 'Windows 11', os.arch: 'amd64', os.version: '10.0', java.version: '17.0.8.1'
Driver info: driver.version: unknown
	at org.openqa.selenium.support.ui.Select.findOptionsByValue(Select.java:289)
	at org.openqa.selenium.support.ui.Select.selectByValue(Select.java:194)
	at com.purna.libraries.Utilities.doDropDownUsingValue(Utilities.java:180)
	at com.purna.stepdefinitions.SalesInvoice_stepdefinition.user_enters_sales_invoice_details(SalesInvoice_stepdefinition.java:44)
	at ?.user enters sales invoice details(file:///C:/Users/lenovo/web-ui-bdd-framework/src/test/resources/features/SalesInvoice.feature:8)
</textarea>
				</li>
				<li test-id='86' class='gc when Skip' status='Skip'>
					<h6 class="step-name" title="com.purna.stepdefinitions.SalesInvoice_stepdefinition.user_save_the_sales_invoice_details()"><span class='status skip' title='Skip'><i class='material-icons'>redo</i></span>When user save the sales invoice details</h6>

							<div class="node-step">Step skipped</div>
				</li>
				<li test-id='87' class='gc when Skip' status='Skip'>
					<h6 class="step-name" title="com.purna.stepdefinitions.SalesInvoice_stepdefinition.use_clisk_on_sales_invoice_details_button()"><span class='status skip' title='Skip'><i class='material-icons'>redo</i></span>When user clicks on sales invoice details button</h6>

							<div class="node-step">Step skipped</div>
				</li>
				<li test-id='88' class='gc then Skip' status='Skip'>
					<h6 class="step-name" title="com.purna.stepdefinitions.SalesInvoice_stepdefinition.new_sales_invoice_should_be_created()"><span class='status skip' title='Skip'><i class='material-icons'>redo</i></span>Then new sales invoice should be created</h6>

							<div class="node-step">Step skipped</div>
				</li>
			</ul>
		</li>
	</ul>
</div>
					</div>
				</li>
			</ul>
		</div>
	</div>
	
	
	<!-- subview left -->
	<div class='subview-right left'>
		<div class='view-summary'>
			<div id='step-filters' class="right sr-filters">
				<a class="btn-floating waves-effect waves-light green" status="pass" alt="pass" title="pass"><i class="material-icons">check_circle</i></a>
				<a class="btn-floating waves-effect waves-light red" status="fail" alt="fail" title="fail"><i class="material-icons">cancel</i></a>
				<a class="btn-floating waves-effect waves-light red darken-4" status="fatal" alt="fatal" title="fatal"><i class="material-icons">cancel</i></a>
				<a class="btn-floating waves-effect waves-light pink text-lighten-1" status="error" alt="error" title="error"><i class="material-icons">error</i></a>
				<a class="btn-floating waves-effect waves-light orange" alt="warning" status="warning" title="warning"><i class="material-icons">warning</i></a>
				<a class="btn-floating waves-effect waves-light teal" status="skip" alt="skip" title="skip"><i class="material-icons">redo</i></a>
				<a class="btn-floating waves-effect waves-light grey" status="clear" alt="Clear filters" title="Clear filters"><i class="material-icons">clear</i></a>
			</div>
			<h5 class='test-name'></h5>
		</div>
	</div>
	<!-- subview right -->
</div>
<!-- test view --><div id='category-view' class='view hide'>
	<section id='controls'>
		<div class='controls grey lighten-4'>
			<!-- search -->
			<div class='chip transparent' alt='Search Tests' title='Search Tests'>
				<a href="#" class='search-div'>
				<i class='material-icons'>search</i> Search
				</a>
				<div class='input-field left hide'>
					<input id='search-tests' type='text' class='validate browser-default' placeholder='Search Tests...'>
				</div>
			</div>
			<!-- search -->
		</div>
	</section>
	<div class='subview-left left'>
		<div class='view-summary'>
			<ul id='category-collection' class='category-collection'>
				<li class='category displayed active'>
					<div class='category-heading'>
						<span class='category-name'>@RegressionTest</span>
						<span class='category-status right'>
						<span class='label pass'>7</span>
						<span class='label fail'>12</span>
						</span>
					</div>
					<div class='category-content hide'>
						<div class='category-status-counts'>
							<span status="pass" class='label green accent-4 white-text'>Passed: 7</span>
							<span status="fail" class='label red lighten-1 white-text'>Failed: 12</span>
							
						</div>
						<div class='category-tests'>
							<table class='bordered table-results'>
								<thead>
									<tr>
										<th>Timestamp</th>
										<th>TestName</th>
										<th>Status</th>
									</tr>
								</thead>
								<tbody>
									<tr>
										<td>Nov 13, 2023 05:10:36 pm</td>
										<td class='linked' test-id='2'>Verify that user is able create purchase order successfully</td>
										<td><span class='test-status Fail'>Fail</span></td>
									</tr>
									<tr>
										<td>Nov 13, 2023 05:10:36 pm</td>
										<td class='linked' test-id='3'>Verify that user is able create purchase order successfully</td>
										<td><span class='test-status Fail'>Fail</span></td>
									</tr>
									<tr>
										<td>Nov 13, 2023 05:10:36 pm</td>
										<td class='linked' test-id='5'>Verify that user is able to create new project</td>
										<td><span class='test-status Pass'>Pass</span></td>
									</tr>
									<tr>
										<td>Nov 13, 2023 05:10:36 pm</td>
										<td class='linked' test-id='6'>Verify that user is able to create new project</td>
										<td><span class='test-status Pass'>Pass</span></td>
									</tr>
									<tr>
										<td>Nov 13, 2023 05:10:36 pm</td>
										<td class='linked' test-id='7'>Verify that user is able view purchase order successfully</td>
										<td><span class='test-status Fail'>Fail</span></td>
									</tr>
									<tr>
										<td>Nov 13, 2023 05:10:36 pm</td>
										<td class='linked' test-id='8'>Verify that user is able view purchase order successfully</td>
										<td><span class='test-status Fail'>Fail</span></td>
									</tr>
									<tr>
										<td>Nov 13, 2023 05:10:36 pm</td>
										<td class='linked' test-id='9'>Verify that user is able delete purchase order successfully</td>
										<td><span class='test-status Fail'>Fail</span></td>
									</tr>
									<tr>
										<td>Nov 13, 2023 05:10:36 pm</td>
										<td class='linked' test-id='10'>Verify that user is able delete purchase order successfully</td>
										<td><span class='test-status Fail'>Fail</span></td>
									</tr>
									<tr>
										<td>Nov 13, 2023 05:10:36 pm</td>
										<td class='linked' test-id='12'>Verify that user is able to create the Customer</td>
										<td><span class='test-status Pass'>Pass</span></td>
									</tr>
									<tr>
										<td>Nov 13, 2023 05:10:36 pm</td>
										<td class='linked' test-id='13'>Verify that user is able to create the Customer</td>
										<td><span class='test-status Pass'>Pass</span></td>
									</tr>
									<tr>
										<td>Nov 13, 2023 05:10:36 pm</td>
										<td class='linked' test-id='15'>Login Scenario one</td>
										<td><span class='test-status Fail'>Fail</span></td>
									</tr>
									<tr>
										<td>Nov 13, 2023 05:10:36 pm</td>
										<td class='linked' test-id='16'>Login Scenario one</td>
										<td><span class='test-status Fail'>Fail</span></td>
									</tr>
									<tr>
										<td>Nov 13, 2023 05:10:36 pm</td>
										<td class='linked' test-id='18'>Login Scenario one</td>
										<td><span class='test-status Pass'>Pass</span></td>
									</tr>
									<tr>
										<td>Nov 13, 2023 05:10:36 pm</td>
										<td class='linked' test-id='21'>Verify that user is able to create supplier</td>
										<td><span class='test-status Fail'>Fail</span></td>
									</tr>
									<tr>
										<td>Nov 13, 2023 05:10:36 pm</td>
										<td class='linked' test-id='22'>Verify that user is able to create supplier</td>
										<td><span class='test-status Fail'>Fail</span></td>
									</tr>
									<tr>
										<td>Nov 13, 2023 05:10:36 pm</td>
										<td class='linked' test-id='25'>Verify that user is able to create inventory successfully</td>
										<td><span class='test-status Pass'>Pass</span></td>
									</tr>
									<tr>
										<td>Nov 13, 2023 05:10:36 pm</td>
										<td class='linked' test-id='26'>Verify that user is able to create inventory successfully</td>
										<td><span class='test-status Pass'>Pass</span></td>
									</tr>
									<tr>
										<td>Nov 13, 2023 05:10:36 pm</td>
										<td class='linked' test-id='33'>Verify that sales invoice is created successfully</td>
										<td><span class='test-status Fail'>Fail</span></td>
									</tr>
									<tr>
										<td>Nov 13, 2023 05:10:36 pm</td>
										<td class='linked' test-id='34'>Verify that sales invoice is created successfully</td>
										<td><span class='test-status Fail'>Fail</span></td>
									</tr>
								</tbody>
							</table>
						</div>
					</div>
				</li>
			</ul>
		</div>
	</div>
	<div class='subview-right left'>
		<div class='view-summary'>
			<h5 class='category-name'></h5>
		</div>
	</div>
</div>
<!-- category view --><div id='exception-view' class='view hide'>
	<section id='controls'>
		<div class='controls grey lighten-4'>
			<!-- search -->
			<div class='chip transparent' alt='Search Tests' title='Search Tests'>
				<a href="#" class='search-div'>
				<i class='material-icons'>search</i> Search
				</a>
				<div class='input-field left hide'>
					<input id='search-tests' type='text' class='validate browser-default' placeholder='Search Tests...'>
				</div>
			</div>
			<!-- search -->
		</div>
	</section>
	<div class='subview-left left'>
		<div class='view-summary'>
			<ul id='exception-collection' class='exception-collection'>
				<li class='exception displayed active'>
					<div class='exception-heading'>
						<span class='exception-name'>java.lang.AssertionError</span>
						<span class='exception-count right'><span class='label red lighten-1 white-text'>1</span></span>
					</div>
					<div class='exception-content hide'>
						<div class='exception-tests'>
							<table class='bordered table-results'>
								<thead>
									<tr>
										<th>Timestamp</th>
										<th>TestName</th>
										<th>StackTrace</th>
									</tr>
								</thead>
								<tbody>
									<tr>
										<td>Nov 13, 2023 05:10:42 pm</td>
										<td class='linked' test-id='43'>Then User should navigates to sales dashboard page</td>
										<td>
											<textarea disabled class="code-block">java.lang.AssertionError: expected:<https://www.purnadata.in/PurnaDemo/index.php> but was:<null>
	at org.junit.Assert.fail(Assert.java:93)
	at org.junit.Assert.failNotEquals(Assert.java:647)
	at org.junit.Assert.assertEquals(Assert.java:128)
	at org.junit.Assert.assertEquals(Assert.java:147)
	at com.purna.stepdefinitions.Login_StepDefinitions.user_should_navigates_to_sales_dashboard_page(Login_StepDefinitions.java:45)
	at ?.User should navigates to sales dashboard page(file:///C:/Users/lenovo/web-ui-bdd-framework/src/test/resources/features/Login.feature:20)
</textarea>
										</td>
									</tr>
								</tbody>
							</table>
						</div>
					</div>
				</li>
				<li class='exception displayed active'>
					<div class='exception-heading'>
						<span class='exception-name'>org.openqa.selenium.NoSuchElementException</span>
						<span class='exception-count right'><span class='label red lighten-1 white-text'>5</span></span>
					</div>
					<div class='exception-content hide'>
						<div class='exception-tests'>
							<table class='bordered table-results'>
								<thead>
									<tr>
										<th>Timestamp</th>
										<th>TestName</th>
										<th>StackTrace</th>
									</tr>
								</thead>
								<tbody>
									<tr>
										<td>Nov 13, 2023 05:10:48 pm</td>
										<td class='linked' test-id='62'>When User enters purchase invoice details</td>
										<td>
											<textarea disabled class="code-block">org.openqa.selenium.NoSuchElementException: Cannot locate option with text: John
For documentation on this error, please visit: https://www.selenium.dev/documentation/webdriver/troubleshooting/errors#no-such-element-exception
Build info: version: '4.14.1', revision: '03f8ede370'
System info: os.name: 'Windows 11', os.arch: 'amd64', os.version: '10.0', java.version: '17.0.8.1'
Driver info: driver.version: unknown
	at org.openqa.selenium.support.ui.Select.selectByVisibleText(Select.java:153)
	at com.purna.libraries.Utilities.doDropDownUsingVisibleText(Utilities.java:175)
	at com.purna.stepdefinitions.PurchaseOrder_Stepdefinition.user_enters_below_purchase_invoice_details(PurchaseOrder_Stepdefinition.java:59)
	at ?.User enters purchase invoice details(file:///C:/Users/lenovo/web-ui-bdd-framework/src/test/resources/features/PurchaseOrder.feature:26)
</textarea>
										</td>
									</tr>
									<tr>
										<td>Nov 13, 2023 05:10:48 pm</td>
										<td class='linked' test-id='61'>When user enters sales invoice details</td>
										<td>
											<textarea disabled class="code-block">org.openqa.selenium.NoSuchElementException: Cannot locate option with text: John
For documentation on this error, please visit: https://www.selenium.dev/documentation/webdriver/troubleshooting/errors#no-such-element-exception
Build info: version: '4.14.1', revision: '03f8ede370'
System info: os.name: 'Windows 11', os.arch: 'amd64', os.version: '10.0', java.version: '17.0.8.1'
Driver info: driver.version: unknown
	at org.openqa.selenium.support.ui.Select.selectByVisibleText(Select.java:153)
	at com.purna.libraries.Utilities.doDropDownUsingVisibleText(Utilities.java:175)
	at com.purna.stepdefinitions.PurchaseOrder_Stepdefinition.user_enters_below_purchase_invoice_details(PurchaseOrder_Stepdefinition.java:59)
	at ?.User enters purchase invoice details(file:///C:/Users/lenovo/web-ui-bdd-framework/src/test/resources/features/PurchaseOrder.feature:26)
</textarea>
										</td>
									</tr>
									<tr>
										<td>Nov 13, 2023 05:10:56 pm</td>
										<td class='linked' test-id='77'>When User enters purchase invoice details</td>
										<td>
											<textarea disabled class="code-block">org.openqa.selenium.NoSuchElementException: Cannot locate option with text: John
For documentation on this error, please visit: https://www.selenium.dev/documentation/webdriver/troubleshooting/errors#no-such-element-exception
Build info: version: '4.14.1', revision: '03f8ede370'
System info: os.name: 'Windows 11', os.arch: 'amd64', os.version: '10.0', java.version: '17.0.8.1'
Driver info: driver.version: unknown
	at org.openqa.selenium.support.ui.Select.selectByVisibleText(Select.java:153)
	at com.purna.libraries.Utilities.doDropDownUsingVisibleText(Utilities.java:175)
	at com.purna.stepdefinitions.PurchaseOrder_Stepdefinition.user_enters_below_purchase_invoice_details(PurchaseOrder_Stepdefinition.java:59)
	at ?.User enters purchase invoice details(file:///C:/Users/lenovo/web-ui-bdd-framework/src/test/resources/features/PurchaseOrder.feature:26)
</textarea>
										</td>
									</tr>
									<tr>
										<td>Nov 13, 2023 05:11:15 pm</td>
										<td class='linked' test-id='101'>When User enters purchase invoice details</td>
										<td>
											<textarea disabled class="code-block">org.openqa.selenium.NoSuchElementException: Cannot locate option with text: John
For documentation on this error, please visit: https://www.selenium.dev/documentation/webdriver/troubleshooting/errors#no-such-element-exception
Build info: version: '4.14.1', revision: '03f8ede370'
System info: os.name: 'Windows 11', os.arch: 'amd64', os.version: '10.0', java.version: '17.0.8.1'
Driver info: driver.version: unknown
	at org.openqa.selenium.support.ui.Select.selectByVisibleText(Select.java:153)
	at com.purna.libraries.Utilities.doDropDownUsingVisibleText(Utilities.java:175)
	at com.purna.stepdefinitions.PurchaseOrder_Stepdefinition.user_enters_below_purchase_invoice_details(PurchaseOrder_Stepdefinition.java:59)
	at ?.User enters purchase invoice details(file:///C:/Users/lenovo/web-ui-bdd-framework/src/test/resources/features/PurchaseOrder.feature:26)
</textarea>
										</td>
									</tr>
									<tr>
										<td>Nov 13, 2023 05:11:24 pm</td>
										<td class='linked' test-id='115'>Then Supplier should be created</td>
										<td>
											<textarea disabled class="code-block">org.openqa.selenium.NoSuchElementException: Cannot locate option with text: John
For documentation on this error, please visit: https://www.selenium.dev/documentation/webdriver/troubleshooting/errors#no-such-element-exception
Build info: version: '4.14.1', revision: '03f8ede370'
System info: os.name: 'Windows 11', os.arch: 'amd64', os.version: '10.0', java.version: '17.0.8.1'
Driver info: driver.version: unknown
	at org.openqa.selenium.support.ui.Select.selectByVisibleText(Select.java:153)
	at com.purna.libraries.Utilities.doDropDownUsingVisibleText(Utilities.java:175)
	at com.purna.stepdefinitions.PurchaseOrder_Stepdefinition.user_enters_below_purchase_invoice_details(PurchaseOrder_Stepdefinition.java:59)
	at ?.User enters purchase invoice details(file:///C:/Users/lenovo/web-ui-bdd-framework/src/test/resources/features/PurchaseOrder.feature:26)
</textarea>
										</td>
									</tr>
								</tbody>
							</table>
						</div>
					</div>
				</li>
			</ul>
		</div>
	</div>
	<div class='subview-right left'>
		<div class='view-summary'>
			<h5 class='exception-name'></h5>
		</div>
	</div>
</div>
<!-- exception view --><div id='dashboard-view' class='view hide'>
	<div class='card-panel transparent np-v'>
		<h5>Dashboard</h5>

		<div class='row'>
			<div class='col s2'>
				<div class='card-panel r'>
					Features
					<div class='panel-lead'>7</div>
				</div>
			</div>
			<div class='col s2'>
				<div class='card-panel r'>
					Scenarios
					<div class='panel-lead'>10</div>
				</div>
			</div>
			<div class='col s2'>
				<div class='card-panel r'>
					Steps
					<div class='panel-lead'>84</div>
				</div>
			</div>
			<div class='col s2'>
				<div class='card-panel r'>
					Start
					<div class='panel-lead'>Nov 13, 2023 05:10:35 pm</div>
				</div>
			</div>
			<div class='col s2'>
				<div class='card-panel r'>
			 		End
			 		<div class='panel-lead'>Nov 13, 2023 05:11:40 pm</div>
				</div>
			</div>
			<div class='col s2'>
				<div class='card-panel r'>
					Time Taken
					<div class='panel-lead'>00 01 04.667</div>
				</div>
			</div>
			<div class='col s4'>
				<div class='card-panel dashboard-environment'>
					<span class='right label cyan white-text'>Environment</span><p>&nbsp;</p>
					
					<table>
						<tr>
							<th>Name</th>
							<th>Value</th>
						</tr>
							<tr>
								<td>version</td>
								<td>10</td>
							</tr>
							<tr>
								<td>os</td>
								<td>windows</td>
							</tr>
					</table>
				</div>
			</div>
			<div class='col s6'>
				<div class='card-panel dashboard-categories'>
					<span class='right label cyan white-text'>Categories</span><p>&nbsp;</p>
					
					<table>
						<tr>
							<th>Name</th>
							<th>Passed</th>
							<th>Failed</th>
							<th>Skipped</th>
							<th>Passed %</th>
						</tr>
						<tr>
							<td>@RegressionTest</td>
							<td>7</td>
							<td>12</td>
							<td>0</td>
							<td>
									36.842%
							</td>
						</tr>
					</table>
				</div>
			</div>
		</div>
	</div>
</div>
<!-- dashboard view -->
		</div>
		<!-- container -->
		<script>
			var statusGroup = {
                parentCount: 7,
				passParent: 3,
				failParent: 4,
				fatalParent: 0,
				errorParent: 0,
				warningParent: 0,
				skipParent: 0,
				childCount: 10,
				passChild: 4,
				failChild: 6,
				fatalChild: 0,
				errorChild: 0,
				warningChild: 0,
				skipChild: 0,
				infoChild: 0,
				grandChildCount: 84,
				passGrandChild: 56,
				failGrandChild: 6,
				fatalGrandChild: 0,
				errorGrandChild: 0,
				warningGrandChild: 0,
				skipGrandChild: 22,
				infoGrandChild: 0,
			};
			</script>
		
		<script>
			var timeline = {
			        "Purchase order functionality verification":58.794,"Verify Project functionality":40.019,"Customer module verification":58.615,"Login Verification":40.619,"Verify Supplier module":64.09,"Purna Inventory functionality verification":58.968,"Purna Sales invoice functionality":50.364
			};
		</script>
		
		  <script src='http://cdn.jsdelivr.net/gh/extent-framework/extent-github-cdn@ff53917fbbdb5ef820abbbe4d199a6942dc771ff/v3html/js/extent.js' type='text/javascript'></script>
		
		
		<script type='text/javascript'>
				
		</script> 

	</body>
</html>